[32603:0725/140038:ERROR:browser_main_loop.cc(170)] Running without the SUID sandbox! See https://code.google.com/p/chromium/wiki/LinuxSUIDSandboxDevelopment for more information on developing with the sandbox on.
ATTENTION: default value of option force_s3tc_enable overridden by environment.
ATTENTION: option value of option force_s3tc_enable ignored.
[32716:0725/140038:INFO:renderer_main.cc(212)] Renderer process started
App load time: 423ms
ATTENTION: option value of option force_s3tc_enable ignored.
[32718:0725/140038:INFO:renderer_main.cc(212)] Renderer process started
ATTENTION: option value of option force_s3tc_enable ignored.
ATTENTION: option value of option force_s3tc_enable ignored.
ATTENTION: option value of option force_s3tc_enable ignored.
[32603:0725/140039:INFO:CONSOLE(16)] "activate linter-pep257", source: /home/sorge/.atom/packages/linter-pep257/lib/init.coffee (16)
[32603:0725/140039:INFO:CONSOLE(14)] "Linter-Pylint: package loaded, ready to get initialized by AtomLinter.", source: /home/sorge/.atom/packages/linter-pylint/lib/init.coffee (14)
[32603:0725/140039:INFO:CONSOLE(7)] "activate linter-python-pep8", source: /home/sorge/.atom/packages/linter-python-pep8/lib/init.coffee (7)
[32603:0725/140039:INFO:CONSOLE(7)] "activate linter-python-pyflakes", source: /home/sorge/.atom/packages/linter-python-pyflakes/lib/init.coffee (7)
[32603:0725/140040:INFO:CONSOLE(16)] "activate linter-pep257", source: /home/sorge/.atom/packages/linter-pep257/lib/init.coffee (16)
[32603:0725/140040:INFO:CONSOLE(14)] "Linter-Pylint: package loaded, ready to get initialized by AtomLinter.", source: /home/sorge/.atom/packages/linter-pylint/lib/init.coffee (14)
[32603:0725/140040:INFO:CONSOLE(7)] "activate linter-python-pep8", source: /home/sorge/.atom/packages/linter-python-pep8/lib/init.coffee (7)
[32603:0725/140040:INFO:CONSOLE(7)] "activate linter-python-pyflakes", source: /home/sorge/.atom/packages/linter-python-pyflakes/lib/init.coffee (7)
[32603:0725/140040:INFO:CONSOLE(56)] "Window load time: 1306ms", source: file:///usr/share/atom/resources/app.asar/static/index.js (56)
[32603:0725/140040:INFO:CONSOLE(56)] "Window load time: 1306ms", source: file:///usr/share/atom/resources/app.asar/static/index.js (56)
Cannot read property 'map' of undefined
TypeError: Cannot read property 'map' of undefined
    at AtomApplication.module.exports.AtomApplication.openPaths (/usr/share/atom/resources/app.asar/src/browser/atom-application.js:602:32)
    at /usr/share/atom/resources/app.asar/src/browser/atom-application.js:897:24
    at Function.wrappedCallback (/usr/share/atom/resources/atom.asar/browser/api/lib/dialog.js:78:16)
[32709:0725/150035:ERROR:sync_control_vsync_provider.cc(60)] glXGetSyncValuesOML should not return TRUE with a media stream counter of 0.
[32709:0725/150041:ERROR:sync_control_vsync_provider.cc(60)] glXGetSyncValuesOML should not return TRUE with a media stream counter of 0.
Cannot read property 'map' of undefined
TypeError: Cannot read property 'map' of undefined
    at AtomApplication.module.exports.AtomApplication.openPaths (/usr/share/atom/resources/app.asar/src/browser/atom-application.js:602:32)
    at /usr/share/atom/resources/app.asar/src/browser/atom-application.js:897:24
    at Function.wrappedCallback (/usr/share/atom/resources/atom.asar/browser/api/lib/dialog.js:78:16)
[32603:0725/153202:INFO:CONSOLE(15)] "linter-chktex loaded", source: /home/sorge/.atom/packages/linter-chktex/lib/linter-chktex.coffee (15)
[32603:0725/153244:INFO:CONSOLE(150)] "Error: ENOENT: no such file or directory, stat ''", source: /home/sorge/.atom/packages/autocomplete-bibtex/lib/provider.coffee (150)
[32603:0725/153244:INFO:CONSOLE(150)] "Error: ENOENT: no such file or directory, stat ''", source: /home/sorge/.atom/packages/autocomplete-bibtex/lib/provider.coffee (150)

(process:25380): GLib-CRITICAL **: g_slice_set_config: assertion 'sys_page_size == 0' failed
ATTENTION: option value of option force_s3tc_enable ignored.

(process:25718): GLib-CRITICAL **: g_slice_set_config: assertion 'sys_page_size == 0' failed
ATTENTION: option value of option force_s3tc_enable ignored.
ATTENTION: option value of option force_s3tc_enable ignored.
